<?xml version="1.0" encoding="UTF-8"?>
<!-- Generated by org.testng.reporters.JUnitReportReporter -->
<testsuite hostname="LAPTOP-OT2I0GDR" failures="0" tests="1" name="scripts.Testcase1" time="4.443" errors="0" timestamp="2022-12-27T07:43:14 IST" skipped="0">
  <testcase classname="scripts.Testcase1" name="tc1" time="4.443"/>
  <system-out/>
</testsuite> <!-- scripts.Testcase1 -->
